[2021-11-18T15:38:13] CRITICAL [__name__.<module>:17] The number: 989 is ODD
[2021-11-18T15:38:13] DEBUG [__name__.<module>:13] The number: 990 is EVEN
[2021-11-18T15:38:13] INFO [__name__.<module>:14] The number: 990 is EVEN
[2021-11-18T15:38:13] WARNING [__name__.<module>:15] The number: 990 is EVEN
[2021-11-18T15:38:13] ERROR [__name__.<module>:16] The number: 990 is EVEN
[2021-11-18T15:38:13] CRITICAL [__name__.<module>:17] The number: 990 is EVEN
[2021-11-18T15:38:13] DEBUG [__name__.<module>:13] The number: 991 is ODD
[2021-11-18T15:38:13] INFO [__name__.<module>:14] The number: 991 is ODD
[2021-11-18T15:38:13] WARNING [__name__.<module>:15] The number: 991 is ODD
[2021-11-18T15:38:13] ERROR [__name__.<module>:16] The number: 991 is ODD
[2021-11-18T15:38:13] CRITICAL [__name__.<module>:17] The number: 991 is ODD
[2021-11-18T15:38:13] DEBUG [__name__.<module>:13] The number: 992 is EVEN
[2021-11-18T15:38:13] INFO [__name__.<module>:14] The number: 992 is EVEN
[2021-11-18T15:38:13] WARNING [__name__.<module>:15] The number: 992 is EVEN
[2021-11-18T15:38:13] ERROR [__name__.<module>:16] The number: 992 is EVEN
[2021-11-18T15:38:13] CRITICAL [__name__.<module>:17] The number: 992 is EVEN
[2021-11-18T15:38:13] DEBUG [__name__.<module>:13] The number: 993 is ODD
[2021-11-18T15:38:13] INFO [__name__.<module>:14] The number: 993 is ODD
[2021-11-18T15:38:13] WARNING [__name__.<module>:15] The number: 993 is ODD
[2021-11-18T15:38:13] ERROR [__name__.<module>:16] The number: 993 is ODD
[2021-11-18T15:38:13] CRITICAL [__name__.<module>:17] The number: 993 is ODD
[2021-11-18T15:38:13] DEBUG [__name__.<module>:13] The number: 994 is EVEN
[2021-11-18T15:38:13] INFO [__name__.<module>:14] The number: 994 is EVEN
[2021-11-18T15:38:13] WARNING [__name__.<module>:15] The number: 994 is EVEN
[2021-11-18T15:38:13] ERROR [__name__.<module>:16] The number: 994 is EVEN
[2021-11-18T15:38:13] CRITICAL [__name__.<module>:17] The number: 994 is EVEN
[2021-11-18T15:38:13] DEBUG [__name__.<module>:13] The number: 995 is ODD
[2021-11-18T15:38:13] INFO [__name__.<module>:14] The number: 995 is ODD
[2021-11-18T15:38:13] WARNING [__name__.<module>:15] The number: 995 is ODD
[2021-11-18T15:38:13] ERROR [__name__.<module>:16] The number: 995 is ODD
[2021-11-18T15:38:13] CRITICAL [__name__.<module>:17] The number: 995 is ODD
[2021-11-18T15:38:13] DEBUG [__name__.<module>:13] The number: 996 is EVEN
[2021-11-18T15:38:13] INFO [__name__.<module>:14] The number: 996 is EVEN
[2021-11-18T15:38:13] WARNING [__name__.<module>:15] The number: 996 is EVEN
[2021-11-18T15:38:13] ERROR [__name__.<module>:16] The number: 996 is EVEN
[2021-11-18T15:38:13] CRITICAL [__name__.<module>:17] The number: 996 is EVEN
[2021-11-18T15:38:13] DEBUG [__name__.<module>:13] The number: 997 is ODD
[2021-11-18T15:38:13] INFO [__name__.<module>:14] The number: 997 is ODD
[2021-11-18T15:38:13] WARNING [__name__.<module>:15] The number: 997 is ODD
[2021-11-18T15:38:13] ERROR [__name__.<module>:16] The number: 997 is ODD
[2021-11-18T15:38:13] CRITICAL [__name__.<module>:17] The number: 997 is ODD
[2021-11-18T15:38:13] DEBUG [__name__.<module>:13] The number: 998 is EVEN
[2021-11-18T15:38:13] INFO [__name__.<module>:14] The number: 998 is EVEN
[2021-11-18T15:38:13] WARNING [__name__.<module>:15] The number: 998 is EVEN
[2021-11-18T15:38:13] ERROR [__name__.<module>:16] The number: 998 is EVEN
[2021-11-18T15:38:13] CRITICAL [__name__.<module>:17] The number: 998 is EVEN
[2021-11-18T15:38:13] DEBUG [__name__.<module>:13] The number: 999 is ODD
[2021-11-18T15:38:13] INFO [__name__.<module>:14] The number: 999 is ODD
[2021-11-18T15:38:13] WARNING [__name__.<module>:15] The number: 999 is ODD
[2021-11-18T15:38:13] ERROR [__name__.<module>:16] The number: 999 is ODD
[2021-11-18T15:38:13] CRITICAL [__name__.<module>:17] The number: 999 is ODD
